#
# There is insufficient memory for the Java Runtime Environment to continue.
# Native memory allocation (malloc) failed to allocate 134416 bytes for Chunk::new
# Possible reasons:
#   The system is out of physical RAM or swap space
#   The process is running with CompressedOops enabled, and the Java Heap may be blocking the growth of the native heap
# Possible solutions:
#   Reduce memory load on the system
#   Increase physical memory or swap space
#   Check if swap backing store is full
#   Decrease Java heap size (-Xmx/-Xms)
#   Decrease number of Java threads
#   Decrease Java thread stack sizes (-Xss)
#   Set larger code cache with -XX:ReservedCodeCacheSize=
#   JVM is running with Unscaled Compressed Oops mode in which the Java heap is
#     placed in the first 4GB address space. The Java Heap base address is the
#     maximum limit for the native heap growth. Please use -XX:HeapBaseMinAddress
#     to set the Java Heap base and to place the Java Heap above 4GB virtual address.
# This output file may be truncated or incomplete.
#
#  Out of Memory Error (arena.cpp:168), pid=33908, tid=18956
#
# JRE version: Java(TM) SE Runtime Environment (21.0.1+12) (build 21.0.1+12-LTS-29)
# Java VM: Java HotSpot(TM) 64-Bit Server VM (21.0.1+12-LTS-29, mixed mode, sharing, tiered, compressed oops, compressed class ptrs, g1 gc, windows-amd64)
# No core dump will be written. Minidumps are not enabled by default on client versions of Windows
#

---------------  S U M M A R Y ------------

Command Line: --enable-preview -XX:+ShowCodeDetailsInExceptionMessages university.management.system.StudentFeeForm

Host: Intel(R) Core(TM) i5-10200H CPU @ 2.40GHz, 8 cores, 7G,  Windows 11 , 64 bit Build 22621 (10.0.22621.3235)
Time: Fri Mar 22 18:53:17 2024 India Standard Time elapsed time: 0.539511 seconds (0d 0h 0m 0s)

---------------  T H R E A D  ---------------

Current thread (0x0000018b3204d0e0):  JavaThread "C2 CompilerThread0" daemon [_thread_in_native, id=18956, stack(0x0000000c7db00000,0x0000000c7dc00000) (1024K)]


Current CompileTask:
C2:    539 1113       4       java.util.HashMap::put (13 bytes)

Stack: [0x0000000c7db00000,0x0000000c7dc00000]
Native frames: (J=compiled Java code, j=interpreted, Vv=VM code, C=native code)
V  [jvm.dll+0x6c9029]
V  [jvm.dll+0x854b81]
V  [jvm.dll+0x856e5e]
V  [jvm.dll+0x857543]
V  [jvm.dll+0x280c06]
V  [jvm.dll+0xc3ead]
V  [jvm.dll+0xc43c3]
V  [jvm.dll+0x2f3f3f]
V  [jvm.dll+0x5f40a6]
V  [jvm.dll+0x252bef]
V  [jvm.dll+0x24b031]
V  [jvm.dll+0x248fa3]
V  [jvm.dll+0x1c9ca1]
V  [jvm.dll+0x2586b9]
V  [jvm.dll+0x256c9a]
V  [jvm.dll+0x3ef1b6]
V  [jvm.dll+0x7fd728]
V  [jvm.dll+0x6c777d]
C  [ucrtbase.dll+0x29363]
C  [KERNEL32.DLL+0x1257d]
C  [ntdll.dll+0x5aa58]


---------------  P R O C E S S  ---------------

Threads class SMR info:
_java_thread_list=0x0000018b3226d470, length=20, elements={
0x0000018b135ba100, 0x0000018b3203ac60, 0x0000018b3203b6c0, 0x0000018b3203d540,
0x0000018b3203f880, 0x0000018b32043080, 0x0000018b32043ef0, 0x0000018b3204d0e0,
0x0000018b3204e2a0, 0x0000018b3228f760, 0x0000018b3229ac40, 0x0000018b324b70b0,
0x0000018b324b7f30, 0x0000018b324c84f0, 0x0000018b325271b0, 0x0000018b7881bcf0,
0x0000018b3204e970, 0x0000018b320504b0, 0x0000018b78be0b10, 0x0000018b78be4450
}

Java Threads: ( => current thread )
  0x0000018b135ba100 JavaThread "main"                              [_thread_in_vm, id=31416, stack(0x0000000c7cd00000,0x0000000c7ce00000) (1024K)]
  0x0000018b3203ac60 JavaThread "Reference Handler"          daemon [_thread_blocked, id=19300, stack(0x0000000c7d500000,0x0000000c7d600000) (1024K)]
  0x0000018b3203b6c0 JavaThread "Finalizer"                  daemon [_thread_blocked, id=23256, stack(0x0000000c7d600000,0x0000000c7d700000) (1024K)]
  0x0000018b3203d540 JavaThread "Signal Dispatcher"          daemon [_thread_blocked, id=37456, stack(0x0000000c7d700000,0x0000000c7d800000) (1024K)]
  0x0000018b3203f880 JavaThread "Attach Listener"            daemon [_thread_blocked, id=32852, stack(0x0000000c7d800000,0x0000000c7d900000) (1024K)]
  0x0000018b32043080 JavaThread "Service Thread"             daemon [_thread_blocked, id=9316, stack(0x0000000c7d900000,0x0000000c7da00000) (1024K)]
  0x0000018b32043ef0 JavaThread "Monitor Deflation Thread"   daemon [_thread_blocked, id=37064, stack(0x0000000c7da00000,0x0000000c7db00000) (1024K)]
=>0x0000018b3204d0e0 JavaThread "C2 CompilerThread0"         daemon [_thread_in_native, id=18956, stack(0x0000000c7db00000,0x0000000c7dc00000) (1024K)]
  0x0000018b3204e2a0 JavaThread "C1 CompilerThread0"         daemon [_thread_in_native, id=22232, stack(0x0000000c7dc00000,0x0000000c7dd00000) (1024K)]
  0x0000018b3228f760 JavaThread "Notification Thread"        daemon [_thread_blocked, id=19736, stack(0x0000000c7dd00000,0x0000000c7de00000) (1024K)]
  0x0000018b3229ac40 JavaThread "Common-Cleaner"             daemon [_thread_blocked, id=34336, stack(0x0000000c7de00000,0x0000000c7df00000) (1024K)]
  0x0000018b324b70b0 JavaThread "Java2D Disposer"            daemon [_thread_blocked, id=16668, stack(0x0000000c7df00000,0x0000000c7e000000) (1024K)]
  0x0000018b324b7f30 JavaThread "AWT-Shutdown"                      [_thread_blocked, id=33328, stack(0x0000000c7e000000,0x0000000c7e100000) (1024K)]
  0x0000018b324c84f0 JavaThread "AWT-Windows"                daemon [_thread_in_native, id=112, stack(0x0000000c7e100000,0x0000000c7e200000) (1024K)]
  0x0000018b325271b0 JavaThread "Image Fetcher 0"            daemon [_thread_blocked, id=36164, stack(0x0000000c7e200000,0x0000000c7e300000) (1024K)]
  0x0000018b7881bcf0 JavaThread "mysql-cj-abandoned-connection-cleanup" daemon [_thread_blocked, id=37028, stack(0x0000000c7e300000,0x0000000c7e400000) (1024K)]
  0x0000018b3204e970 JavaThread "C2 CompilerThread1"         daemon [_thread_in_native, id=19180, stack(0x0000000c7e400000,0x0000000c7e500000) (1024K)]
  0x0000018b320504b0 JavaThread "C2 CompilerThread2"         daemon [_thread_in_native, id=1668, stack(0x0000000c7e500000,0x0000000c7e600000) (1024K)]
  0x0000018b78be0b10 JavaThread "SeedGenerator Thread"       daemon [_thread_in_Java, id=35052, stack(0x0000000c7e600000,0x0000000c7e700000) (1024K)]
  0x0000018b78be4450 JavaThread "SeedGenerator Thread"       daemon [_thread_blocked, id=19268, stack(0x0000000c7e700000,0x0000000c7e800000) (1024K)]
Total: 20

Other Threads:
  0x0000018b320198a0 VMThread "VM Thread"                           [id=18228, stack(0x0000000c7d400000,0x0000000c7d500000) (1024K)]
  0x0000018b32001fd0 WatcherThread "VM Periodic Task Thread"        [id=18176, stack(0x0000000c7d300000,0x0000000c7d400000) (1024K)]
  0x0000018b1579c680 WorkerThread "GC Thread#0"                     [id=20744, stack(0x0000000c7ce00000,0x0000000c7cf00000) (1024K)]
  0x0000018b157ad880 ConcurrentGCThread "G1 Main Marker"            [id=6672, stack(0x0000000c7cf00000,0x0000000c7d000000) (1024K)]
  0x0000018b157ae290 WorkerThread "G1 Conc#0"                       [id=30664, stack(0x0000000c7d000000,0x0000000c7d100000) (1024K)]
  0x0000018b31ed54f0 ConcurrentGCThread "G1 Refine#0"               [id=37476, stack(0x0000000c7d100000,0x0000000c7d200000) (1024K)]
  0x0000018b1580d160 ConcurrentGCThread "G1 Service"                [id=35412, stack(0x0000000c7d200000,0x0000000c7d300000) (1024K)]
Total: 7

Threads with active compile tasks:
C2 CompilerThread0      572 1113       4       java.util.HashMap::put (13 bytes)
C1 CompilerThread0      572 1218  s    3       sun.nio.fs.WindowsDirectoryStream$WindowsDirectoryIterator::next (48 bytes)
C2 CompilerThread1      572 1199       4       java.lang.invoke.VarHandleGuards::guard_LI_I (78 bytes)
C2 CompilerThread2      572 1202   !   4       sun.security.provider.SeedGenerator$ThreadedSeedGenerator::run (263 bytes)
Total: 4

VM state: not at safepoint (normal execution)

VM Mutex/Monitor currently owned by a thread: None

Heap address: 0x0000000082800000, size: 2008 MB, Compressed Oops mode: 32-bit

CDS archive(s) mapped at: [0x0000018b33000000-0x0000018b33c90000-0x0000018b33c90000), size 13172736, SharedBaseAddress: 0x0000018b33000000, ArchiveRelocationMode: 1.
Compressed class space mapped at: 0x0000018b34000000-0x0000018b74000000, reserved size: 1073741824
Narrow klass base: 0x0000018b33000000, Narrow klass shift: 0, Narrow klass range: 0x100000000

GC Precious Log:
 CardTable entry size: 512
 Card Set container configuration: InlinePtr #cards 5 size 8 Array Of Cards #cards 12 size 40 Howl #buckets 4 coarsen threshold 1843 Howl Bitmap #cards 512 size 80 coarsen threshold 460 Card regions per heap region 1 cards per card region 2048
 CPUs: 8 total, 8 available
 Memory: 8029M
 Large Page Support: Disabled
 NUMA Support: Disabled
 Compressed Oops: Enabled (32-bit)
 Heap Region Size: 1M
 Heap Min Capacity: 8M
 Heap Initial Capacity: 126M
 Heap Max Capacity: 2008M
 Pre-touch: Disabled
 Parallel Workers: 8
 Concurrent Workers: 2
 Concurrent Refinement Workers: 8
 Periodic GC: Disabled

Heap:
 garbage-first heap   total 129024K, used 19456K [0x0000000082800000, 0x0000000100000000)
  region size 1024K, 19 young (19456K), 0 survivors (0K)
 Metaspace       used 10529K, committed 10816K, reserved 1114112K
  class space    used 1109K, committed 1280K, reserved 1048576K

Heap Regions: E=young(eden), S=young(survivor), O=old, HS=humongous(starts), HC=humongous(continues), CS=collection set, F=free, TAMS=top-at-mark-start, PB=parsable bottom
|   0|0x0000000082800000, 0x0000000082900000, 0x0000000082900000|100%|HS|  |TAMS 0x0000000082800000| PB 0x0000000082800000| Complete 
|   1|0x0000000082900000, 0x0000000082a00000, 0x0000000082a00000|100%|HC|  |TAMS 0x0000000082900000| PB 0x0000000082900000| Complete 
|   2|0x0000000082a00000, 0x0000000082a00000, 0x0000000082b00000|  0%| F|  |TAMS 0x0000000082a00000| PB 0x0000000082a00000| Untracked 
|   3|0x0000000082b00000, 0x0000000082b00000, 0x0000000082c00000|  0%| F|  |TAMS 0x0000000082b00000| PB 0x0000000082b00000| Untracked 
|   4|0x0000000082c00000, 0x0000000082c00000, 0x0000000082d00000|  0%| F|  |TAMS 0x0000000082c00000| PB 0x0000000082c00000| Untracked 
|   5|0x0000000082d00000, 0x0000000082d00000, 0x0000000082e00000|  0%| F|  |TAMS 0x0000000082d00000| PB 0x0000000082d00000| Untracked 
|   6|0x0000000082e00000, 0x0000000082e00000, 0x0000000082f00000|  0%| F|  |TAMS 0x0000000082e00000| PB 0x0000000082e00000| Untracked 
|   7|0x0000000082f00000, 0x0000000082f00000, 0x0000000083000000|  0%| F|  |TAMS 0x0000000082f00000| PB 0x0000000082f00000| Untracked 
|   8|0x0000000083000000, 0x0000000083000000, 0x0000000083100000|  0%| F|  |TAMS 0x0000000083000000| PB 0x0000000083000000| Untracked 
|   9|0x0000000083100000, 0x0000000083100000, 0x0000000083200000|  0%| F|  |TAMS 0x0000000083100000| PB 0x0000000083100000| Untracked 
|  10|0x0000000083200000, 0x0000000083200000, 0x0000000083300000|  0%| F|  |TAMS 0x0000000083200000| PB 0x0000000083200000| Untracked 
|  11|0x0000000083300000, 0x0000000083300000, 0x0000000083400000|  0%| F|  |TAMS 0x0000000083300000| PB 0x0000000083300000| Untracked 
|  12|0x0000000083400000, 0x0000000083400000, 0x0000000083500000|  0%| F|  |TAMS 0x0000000083400000| PB 0x0000000083400000| Untracked 
|  13|0x0000000083500000, 0x0000000083500000, 0x0000000083600000|  0%| F|  |TAMS 0x0000000083500000| PB 0x0000000083500000| Untracked 
|  14|0x0000000083600000, 0x0000000083600000, 0x0000000083700000|  0%| F|  |TAMS 0x0000000083600000| PB 0x0000000083600000| Untracked 
|  15|0x0000000083700000, 0x0000000083700000, 0x0000000083800000|  0%| F|  |TAMS 0x0000000083700000| PB 0x0000000083700000| Untracked 
|  16|0x0000000083800000, 0x0000000083800000, 0x0000000083900000|  0%| F|  |TAMS 0x0000000083800000| PB 0x0000000083800000| Untracked 
|  17|0x0000000083900000, 0x0000000083900000, 0x0000000083a00000|  0%| F|  |TAMS 0x0000000083900000| PB 0x0000000083900000| Untracked 
|  18|0x0000000083a00000, 0x0000000083a00000, 0x0000000083b00000|  0%| F|  |TAMS 0x0000000083a00000| PB 0x0000000083a00000| Untracked 
|  19|0x0000000083b00000, 0x0000000083b00000, 0x0000000083c00000|  0%| F|  |TAMS 0x0000000083b00000| PB 0x0000000083b00000| Untracked 
|  20|0x0000000083c00000, 0x0000000083c00000, 0x0000000083d00000|  0%| F|  |TAMS 0x0000000083c00000| PB 0x0000000083c00000| Untracked 
|  21|0x0000000083d00000, 0x0000000083d00000, 0x0000000083e00000|  0%| F|  |TAMS 0x0000000083d00000| PB 0x0000000083d00000| Untracked 
|  22|0x0000000083e00000, 0x0000000083e00000, 0x0000000083f00000|  0%| F|  |TAMS 0x0000000083e00000| PB 0x0000000083e00000| Untracked 
|  23|0x0000000083f00000, 0x0000000083f00000, 0x0000000084000000|  0%| F|  |TAMS 0x0000000083f00000| PB 0x0000000083f00000| Untracked 
|  24|0x0000000084000000, 0x0000000084000000, 0x0000000084100000|  0%| F|  |TAMS 0x0000000084000000| PB 0x0000000084000000| Untracked 
|  25|0x0000000084100000, 0x0000000084100000, 0x0000000084200000|  0%| F|  |TAMS 0x0000000084100000| PB 0x0000000084100000| Untracked 
|  26|0x0000000084200000, 0x0000000084200000, 0x0000000084300000|  0%| F|  |TAMS 0x0000000084200000| PB 0x0000000084200000| Untracked 
|  27|0x0000000084300000, 0x0000000084300000, 0x0000000084400000|  0%| F|  |TAMS 0x0000000084300000| PB 0x0000000084300000| Untracked 
|  28|0x0000000084400000, 0x0000000084400000, 0x0000000084500000|  0%| F|  |TAMS 0x0000000084400000| PB 0x0000000084400000| Untracked 
|  29|0x0000000084500000, 0x0000000084500000, 0x0000000084600000|  0%| F|  |TAMS 0x0000000084500000| PB 0x0000000084500000| Untracked 
|  30|0x0000000084600000, 0x0000000084600000, 0x0000000084700000|  0%| F|  |TAMS 0x0000000084600000| PB 0x0000000084600000| Untracked 
|  31|0x0000000084700000, 0x0000000084700000, 0x0000000084800000|  0%| F|  |TAMS 0x0000000084700000| PB 0x0000000084700000| Untracked 
|  32|0x0000000084800000, 0x0000000084800000, 0x0000000084900000|  0%| F|  |TAMS 0x0000000084800000| PB 0x0000000084800000| Untracked 
|  33|0x0000000084900000, 0x0000000084900000, 0x0000000084a00000|  0%| F|  |TAMS 0x0000000084900000| PB 0x0000000084900000| Untracked 
|  34|0x0000000084a00000, 0x0000000084a00000, 0x0000000084b00000|  0%| F|  |TAMS 0x0000000084a00000| PB 0x0000000084a00000| Untracked 
|  35|0x0000000084b00000, 0x0000000084b00000, 0x0000000084c00000|  0%| F|  |TAMS 0x0000000084b00000| PB 0x0000000084b00000| Untracked 
|  36|0x0000000084c00000, 0x0000000084c00000, 0x0000000084d00000|  0%| F|  |TAMS 0x0000000084c00000| PB 0x0000000084c00000| Untracked 
|  37|0x0000000084d00000, 0x0000000084d00000, 0x0000000084e00000|  0%| F|  |TAMS 0x0000000084d00000| PB 0x0000000084d00000| Untracked 
|  38|0x0000000084e00000, 0x0000000084e00000, 0x0000000084f00000|  0%| F|  |TAMS 0x0000000084e00000| PB 0x0000000084e00000| Untracked 
|  39|0x0000000084f00000, 0x0000000084f00000, 0x0000000085000000|  0%| F|  |TAMS 0x0000000084f00000| PB 0x0000000084f00000| Untracked 
|  40|0x0000000085000000, 0x0000000085000000, 0x0000000085100000|  0%| F|  |TAMS 0x0000000085000000| PB 0x0000000085000000| Untracked 
|  41|0x0000000085100000, 0x0000000085100000, 0x0000000085200000|  0%| F|  |TAMS 0x0000000085100000| PB 0x0000000085100000| Untracked 
|  42|0x0000000085200000, 0x0000000085200000, 0x0000000085300000|  0%| F|  |TAMS 0x0000000085200000| PB 0x0000000085200000| Untracked 
|  43|0x0000000085300000, 0x0000000085300000, 0x0000000085400000|  0%| F|  |TAMS 0x0000000085300000| PB 0x0000000085300000| Untracked 
|  44|0x0000000085400000, 0x0000000085400000, 0x0000000085500000|  0%| F|  |TAMS 0x0000000085400000| PB 0x0000000085400000| Untracked 
|  45|0x0000000085500000, 0x0000000085500000, 0x0000000085600000|  0%| F|  |TAMS 0x0000000085500000| PB 0x0000000085500000| Untracked 
|  46|0x0000000085600000, 0x0000000085600000, 0x0000000085700000|  0%| F|  |TAMS 0x0000000085600000| PB 0x0000000085600000| Untracked 
|  47|0x0000000085700000, 0x0000000085700000, 0x0000000085800000|  0%| F|  |TAMS 0x0000000085700000| PB 0x0000000085700000| Untracked 
|  48|0x0000000085800000, 0x0000000085800000, 0x0000000085900000|  0%| F|  |TAMS 0x0000000085800000| PB 0x0000000085800000| Untracked 
|  49|0x0000000085900000, 0x0000000085900000, 0x0000000085a00000|  0%| F|  |TAMS 0x0000000085900000| PB 0x0000000085900000| Untracked 
|  50|0x0000000085a00000, 0x0000000085a00000, 0x0000000085b00000|  0%| F|  |TAMS 0x0000000085a00000| PB 0x0000000085a00000| Untracked 
|  51|0x0000000085b00000, 0x0000000085b00000, 0x0000000085c00000|  0%| F|  |TAMS 0x0000000085b00000| PB 0x0000000085b00000| Untracked 
|  52|0x0000000085c00000, 0x0000000085c00000, 0x0000000085d00000|  0%| F|  |TAMS 0x0000000085c00000| PB 0x0000000085c00000| Untracked 
|  53|0x0000000085d00000, 0x0000000085d00000, 0x0000000085e00000|  0%| F|  |TAMS 0x0000000085d00000| PB 0x0000000085d00000| Untracked 
|  54|0x0000000085e00000, 0x0000000085e00000, 0x0000000085f00000|  0%| F|  |TAMS 0x0000000085e00000| PB 0x0000000085e00000| Untracked 
|  55|0x0000000085f00000, 0x0000000085f00000, 0x0000000086000000|  0%| F|  |TAMS 0x0000000085f00000| PB 0x0000000085f00000| Untracked 
|  56|0x0000000086000000, 0x0000000086000000, 0x0000000086100000|  0%| F|  |TAMS 0x0000000086000000| PB 0x0000000086000000| Untracked 
|  57|0x0000000086100000, 0x0000000086100000, 0x0000000086200000|  0%| F|  |TAMS 0x0000000086100000| PB 0x0000000086100000| Untracked 
|  58|0x0000000086200000, 0x0000000086200000, 0x0000000086300000|  0%| F|  |TAMS 0x0000000086200000| PB 0x0000000086200000| Untracked 
|  59|0x0000000086300000, 0x0000000086300000, 0x0000000086400000|  0%| F|  |TAMS 0x0000000086300000| PB 0x0000000086300000| Untracked 
|  60|0x0000000086400000, 0x0000000086400000, 0x0000000086500000|  0%| F|  |TAMS 0x0000000086400000| PB 0x0000000086400000| Untracked 
|  61|0x0000000086500000, 0x0000000086500000, 0x0000000086600000|  0%| F|  |TAMS 0x0000000086500000| PB 0x0000000086500000| Untracked 
|  62|0x0000000086600000, 0x0000000086600000, 0x0000000086700000|  0%| F|  |TAMS 0x0000000086600000| PB 0x0000000086600000| Untracked 
|  63|0x0000000086700000, 0x0000000086700000, 0x0000000086800000|  0%| F|  |TAMS 0x0000000086700000| PB 0x0000000086700000| Untracked 
|  64|0x0000000086800000, 0x0000000086800000, 0x0000000086900000|  0%| F|  |TAMS 0x0000000086800000| PB 0x0000000086800000| Untracked 
|  65|0x0000000086900000, 0x0000000086900000, 0x0000000086a00000|  0%| F|  |TAMS 0x0000000086900000| PB 0x0000000086900000| Untracked 
|  66|0x0000000086a00000, 0x0000000086a00000, 0x0000000086b00000|  0%| F|  |TAMS 0x0000000086a00000| PB 0x0000000086a00000| Untracked 
|  67|0x0000000086b00000, 0x0000000086b00000, 0x0000000086c00000|  0%| F|  |TAMS 0x0000000086b00000| PB 0x0000000086b00000| Untracked 
|  68|0x0000000086c00000, 0x0000000086c00000, 0x0000000086d00000|  0%| F|  |TAMS 0x0000000086c00000| PB 0x0000000086c00000| Untracked 
|  69|0x0000000086d00000, 0x0000000086d00000, 0x0000000086e00000|  0%| F|  |TAMS 0x0000000086d00000| PB 0x0000000086d00000| Untracked 
|  70|0x0000000086e00000, 0x0000000086e00000, 0x0000000086f00000|  0%| F|  |TAMS 0x0000000086e00000| PB 0x0000000086e00000| Untracked 
|  71|0x0000000086f00000, 0x0000000086f00000, 0x0000000087000000|  0%| F|  |TAMS 0x0000000086f00000| PB 0x0000000086f00000| Untracked 
|  72|0x0000000087000000, 0x0000000087000000, 0x0000000087100000|  0%| F|  |TAMS 0x0000000087000000| PB 0x0000000087000000| Untracked 
|  73|0x0000000087100000, 0x0000000087100000, 0x0000000087200000|  0%| F|  |TAMS 0x0000000087100000| PB 0x0000000087100000| Untracked 
|  74|0x0000000087200000, 0x0000000087200000, 0x0000000087300000|  0%| F|  |TAMS 0x0000000087200000| PB 0x0000000087200000| Untracked 
|  75|0x0000000087300000, 0x0000000087300000, 0x0000000087400000|  0%| F|  |TAMS 0x0000000087300000| PB 0x0000000087300000| Untracked 
|  76|0x0000000087400000, 0x0000000087400000, 0x0000000087500000|  0%| F|  |TAMS 0x0000000087400000| PB 0x0000000087400000| Untracked 
|  77|0x0000000087500000, 0x0000000087500000, 0x0000000087600000|  0%| F|  |TAMS 0x0000000087500000| PB 0x0000000087500000| Untracked 
|  78|0x0000000087600000, 0x0000000087600000, 0x0000000087700000|  0%| F|  |TAMS 0x0000000087600000| PB 0x0000000087600000| Untracked 
|  79|0x0000000087700000, 0x0000000087700000, 0x0000000087800000|  0%| F|  |TAMS 0x0000000087700000| PB 0x0000000087700000| Untracked 
|  80|0x0000000087800000, 0x0000000087800000, 0x0000000087900000|  0%| F|  |TAMS 0x0000000087800000| PB 0x0000000087800000| Untracked 
|  81|0x0000000087900000, 0x0000000087900000, 0x0000000087a00000|  0%| F|  |TAMS 0x0000000087900000| PB 0x0000000087900000| Untracked 
|  82|0x0000000087a00000, 0x0000000087a00000, 0x0000000087b00000|  0%| F|  |TAMS 0x0000000087a00000| PB 0x0000000087a00000| Untracked 
|  83|0x0000000087b00000, 0x0000000087b00000, 0x0000000087c00000|  0%| F|  |TAMS 0x0000000087b00000| PB 0x0000000087b00000| Untracked 
|  84|0x0000000087c00000, 0x0000000087c00000, 0x0000000087d00000|  0%| F|  |TAMS 0x0000000087c00000| PB 0x0000000087c00000| Untracked 
|  85|0x0000000087d00000, 0x0000000087d00000, 0x0000000087e00000|  0%| F|  |TAMS 0x0000000087d00000| PB 0x0000000087d00000| Untracked 
|  86|0x0000000087e00000, 0x0000000087e00000, 0x0000000087f00000|  0%| F|  |TAMS 0x0000000087e00000| PB 0x0000000087e00000| Untracked 
|  87|0x0000000087f00000, 0x0000000087f00000, 0x0000000088000000|  0%| F|  |TAMS 0x0000000087f00000| PB 0x0000000087f00000| Untracked 
|  88|0x0000000088000000, 0x0000000088000000, 0x0000000088100000|  0%| F|  |TAMS 0x0000000088000000| PB 0x0000000088000000| Untracked 
|  89|0x0000000088100000, 0x0000000088100000, 0x0000000088200000|  0%| F|  |TAMS 0x0000000088100000| PB 0x0000000088100000| Untracked 
|  90|0x0000000088200000, 0x0000000088200000, 0x0000000088300000|  0%| F|  |TAMS 0x0000000088200000| PB 0x0000000088200000| Untracked 
|  91|0x0000000088300000, 0x0000000088300000, 0x0000000088400000|  0%| F|  |TAMS 0x0000000088300000| PB 0x0000000088300000| Untracked 
|  92|0x0000000088400000, 0x0000000088400000, 0x0000000088500000|  0%| F|  |TAMS 0x0000000088400000| PB 0x0000000088400000| Untracked 
|  93|0x0000000088500000, 0x0000000088500000, 0x0000000088600000|  0%| F|  |TAMS 0x0000000088500000| PB 0x0000000088500000| Untracked 
|  94|0x0000000088600000, 0x0000000088600000, 0x0000000088700000|  0%| F|  |TAMS 0x0000000088600000| PB 0x0000000088600000| Untracked 
|  95|0x0000000088700000, 0x0000000088700000, 0x0000000088800000|  0%| F|  |TAMS 0x0000000088700000| PB 0x0000000088700000| Untracked 
|  96|0x0000000088800000, 0x0000000088800000, 0x0000000088900000|  0%| F|  |TAMS 0x0000000088800000| PB 0x0000000088800000| Untracked 
|  97|0x0000000088900000, 0x0000000088900000, 0x0000000088a00000|  0%| F|  |TAMS 0x0000000088900000| PB 0x0000000088900000| Untracked 
|  98|0x0000000088a00000, 0x0000000088a00000, 0x0000000088b00000|  0%| F|  |TAMS 0x0000000088a00000| PB 0x0000000088a00000| Untracked 
|  99|0x0000000088b00000, 0x0000000088b00000, 0x0000000088c00000|  0%| F|  |TAMS 0x0000000088b00000| PB 0x0000000088b00000| Untracked 
| 100|0x0000000088c00000, 0x0000000088c00000, 0x0000000088d00000|  0%| F|  |TAMS 0x0000000088c00000| PB 0x0000000088c00000| Untracked 
| 101|0x0000000088d00000, 0x0000000088d00000, 0x0000000088e00000|  0%| F|  |TAMS 0x0000000088d00000| PB 0x0000000088d00000| Untracked 
| 102|0x0000000088e00000, 0x0000000088e00000, 0x0000000088f00000|  0%| F|  |TAMS 0x0000000088e00000| PB 0x0000000088e00000| Untracked 
| 103|0x0000000088f00000, 0x0000000088f00000, 0x0000000089000000|  0%| F|  |TAMS 0x0000000088f00000| PB 0x0000000088f00000| Untracked 
| 104|0x0000000089000000, 0x0000000089000000, 0x0000000089100000|  0%| F|  |TAMS 0x0000000089000000| PB 0x0000000089000000| Untracked 
| 105|0x0000000089100000, 0x0000000089100000, 0x0000000089200000|  0%| F|  |TAMS 0x0000000089100000| PB 0x0000000089100000| Untracked 
| 106|0x0000000089200000, 0x0000000089200000, 0x0000000089300000|  0%| F|  |TAMS 0x0000000089200000| PB 0x0000000089200000| Untracked 
| 107|0x0000000089300000, 0x00000000893ec0a8, 0x0000000089400000| 92%| E|  |TAMS 0x0000000089300000| PB 0x0000000089300000| Complete 
| 108|0x0000000089400000, 0x0000000089500000, 0x0000000089500000|100%| E|CS|TAMS 0x0000000089400000| PB 0x0000000089400000| Complete 
| 109|0x0000000089500000, 0x0000000089600000, 0x0000000089600000|100%| E|CS|TAMS 0x0000000089500000| PB 0x0000000089500000| Complete 
| 110|0x0000000089600000, 0x0000000089700000, 0x0000000089700000|100%| E|CS|TAMS 0x0000000089600000| PB 0x0000000089600000| Complete 
| 111|0x0000000089700000, 0x0000000089800000, 0x0000000089800000|100%| E|CS|TAMS 0x0000000089700000| PB 0x0000000089700000| Complete 
| 112|0x0000000089800000, 0x0000000089900000, 0x0000000089900000|100%| E|CS|TAMS 0x0000000089800000| PB 0x0000000089800000| Complete 
| 113|0x0000000089900000, 0x0000000089a00000, 0x0000000089a00000|100%| E|CS|TAMS 0x0000000089900000| PB 0x0000000089900000| Complete 
| 114|0x0000000089a00000, 0x0000000089b00000, 0x0000000089b00000|100%| E|CS|TAMS 0x0000000089a00000| PB 0x0000000089a00000| Complete 
| 115|0x0000000089b00000, 0x0000000089c00000, 0x0000000089c00000|100%| E|  |TAMS 0x0000000089b00000| PB 0x0000000089b00000| Complete 
| 116|0x0000000089c00000, 0x0000000089d00000, 0x0000000089d00000|100%| E|CS|TAMS 0x0000000089c00000| PB 0x0000000089c00000| Complete 
| 117|0x0000000089d00000, 0x0000000089e00000, 0x0000000089e00000|100%| E|CS|TAMS 0x0000000089d00000| PB 0x0000000089d00000| Complete 
| 118|0x0000000089e00000, 0x0000000089f00000, 0x0000000089f00000|100%| E|CS|TAMS 0x0000000089e00000| PB 0x0000000089e00000| Complete 
| 119|0x0000000089f00000, 0x000000008a000000, 0x000000008a000000|100%| E|CS|TAMS 0x0000000089f00000| PB 0x0000000089f00000| Complete 
| 120|0x000000008a000000, 0x000000008a100000, 0x000000008a100000|100%| E|CS|TAMS 0x000000008a000000| PB 0x000000008a000000| Complete 
| 121|0x000000008a100000, 0x000000008a200000, 0x000000008a200000|100%| E|CS|TAMS 0x000000008a100000| PB 0x000000008a100000| Complete 
| 122|0x000000008a200000, 0x000000008a300000, 0x000000008a300000|100%| E|CS|TAMS 0x000000008a200000| PB 0x000000008a200000| Complete 
| 123|0x000000008a300000, 0x000000008a400000, 0x000000008a400000|100%| E|CS|TAMS 0x000000008a300000| PB 0x000000008a300000| Complete 
| 124|0x000000008a400000, 0x000000008a500000, 0x000000008a500000|100%| E|CS|TAMS 0x000000008a400000| PB 0x000000008a400000| Complete 
| 125|0x000000008a500000, 0x000000008a600000, 0x000000008a600000|100%| E|CS|TAMS 0x000000008a500000| PB 0x000000008a500000| Complete 

Card table byte_map: [0x0000018b2d2d0000,0x0000018b2d6c0000] _byte_map_base: 0x0000018b2cebc000

Marking Bits: (CMBitMap*) 0x0000018b1579d4a0
 Bits: [0x0000018b2d6c0000, 0x0000018b2f620000)

Polling page: 0x0000018b136e0000

Metaspace:

Usage:
  Non-class:      9.21 MB used.
      Class:      1.09 MB used.
       Both:     10.29 MB used.

Virtual space:
  Non-class space:       64.00 MB reserved,       9.31 MB ( 15%) committed,  1 nodes.
      Class space:        1.00 GB reserved,       1.25 MB ( <1%) committed,  1 nodes.
             Both:        1.06 GB reserved,      10.56 MB ( <1%) committed. 

Chunk freelists:
   Non-Class:  6.45 MB
       Class:  14.75 MB
        Both:  21.19 MB

MaxMetaspaceSize: unlimited
CompressedClassSpaceSize: 1.00 GB
Initial GC threshold: 21.00 MB
Current GC threshold: 21.00 MB
CDS: on
 - commit_granule_bytes: 65536.
 - commit_granule_words: 8192.
 - virtual_space_node_default_size: 8388608.
 - enlarge_chunks_in_place: 1.
 - use_allocation_guard: 0.


Internal statistics:

num_allocs_failed_limit: 0.
num_arena_births: 162.
num_arena_deaths: 0.
num_vsnodes_births: 2.
num_vsnodes_deaths: 0.
num_space_committed: 169.
num_space_uncommitted: 0.
num_chunks_returned_to_freelist: 0.
num_chunks_taken_from_freelist: 293.
num_chunk_merges: 0.
num_chunk_splits: 193.
num_chunks_enlarged: 113.
num_inconsistent_stats: 0.

CodeHeap 'non-profiled nmethods': size=120000Kb used=425Kb max_used=425Kb free=119574Kb
 bounds [0x0000018b25670000, 0x0000018b258e0000, 0x0000018b2cba0000]
CodeHeap 'profiled nmethods': size=120000Kb used=2065Kb max_used=2065Kb free=117935Kb
 bounds [0x0000018b1dba0000, 0x0000018b1de10000, 0x0000018b250d0000]
CodeHeap 'non-nmethods': size=5760Kb used=1545Kb max_used=1578Kb free=4214Kb
 bounds [0x0000018b250d0000, 0x0000018b25340000, 0x0000018b25670000]
 total_blobs=1838 nmethods=1220 adapters=523
 compilation: enabled
              stopped_count=0, restarted_count=0
 full_count=0

Compilation events (20 events):
Event: 0.530 Thread 0x0000018b3204e2a0 nmethod 1111 0x0000018b1dd73390 code [0x0000018b1dd73640, 0x0000018b1dd74680]
Event: 0.533 Thread 0x0000018b3204e2a0 1112       3       java.util.Collections$EmptyList::iterator (4 bytes)
Event: 0.533 Thread 0x0000018b3204d0e0 1113       4       java.util.HashMap::put (13 bytes)
Event: 0.533 Thread 0x0000018b3204e2a0 nmethod 1112 0x0000018b1dd74c10 code [0x0000018b1dd74dc0, 0x0000018b1dd74f30]
Event: 0.534 Thread 0x0000018b3204e2a0 1114       3       java.util.Arrays$ArrayList::size (6 bytes)
Event: 0.534 Thread 0x0000018b3204e2a0 nmethod 1114 0x0000018b1dd75010 code [0x0000018b1dd751a0, 0x0000018b1dd752b8]
Event: 0.534 Thread 0x0000018b3204e2a0 1115       3       java.util.AbstractCollection::isEmpty (13 bytes)
Event: 0.534 Thread 0x0000018b3204e2a0 nmethod 1115 0x0000018b1dd75390 code [0x0000018b1dd75540, 0x0000018b1dd75768]
Event: 0.534 Thread 0x0000018b3204e2a0 1116       3       java.lang.Integer::equals (29 bytes)
Event: 0.534 Thread 0x0000018b3204e2a0 nmethod 1116 0x0000018b1dd75810 code [0x0000018b1dd759c0, 0x0000018b1dd75da0]
Event: 0.535 Thread 0x0000018b3204e2a0 1117       3       java.util.regex.ASCII::toLower (16 bytes)
Event: 0.535 Thread 0x0000018b3204e2a0 nmethod 1117 0x0000018b1dd75e90 code [0x0000018b1dd76040, 0x0000018b1dd76248]
Event: 0.535 Thread 0x0000018b3204e2a0 1119       3       java.util.regex.Pattern$SliceI::match (96 bytes)
Event: 0.535 Thread 0x0000018b3204e2a0 nmethod 1119 0x0000018b1dd76310 code [0x0000018b1dd76520, 0x0000018b1dd76b80]
Event: 0.535 Thread 0x0000018b3204e2a0 1118       3       java.util.regex.ASCII::isUpper (18 bytes)
Event: 0.535 Thread 0x0000018b3204e2a0 nmethod 1118 0x0000018b1dd76d90 code [0x0000018b1dd76f20, 0x0000018b1dd77078]
Event: 0.535 Thread 0x0000018b3204e2a0 1120       3       java.net.URL::getDefaultPort (8 bytes)
Event: 0.536 Thread 0x0000018b3204e2a0 nmethod 1120 0x0000018b1dd77110 code [0x0000018b1dd772c0, 0x0000018b1dd77498]
Event: 0.536 Thread 0x0000018b3204e2a0 1121       3       java.lang.Record::<init> (5 bytes)
Event: 0.536 Thread 0x0000018b3204e2a0 nmethod 1121 0x0000018b1dd77590 code [0x0000018b1dd77740, 0x0000018b1dd778a8]

GC Heap History (0 events):
No events

Dll operation events (10 events):
Event: 0.010 Loaded shared library C:\Program Files\Java\jdk-21\bin\java.dll
Event: 0.040 Loaded shared library C:\Program Files\Java\jdk-21\bin\jsvml.dll
Event: 0.083 Loaded shared library C:\Program Files\Java\jdk-21\bin\jimage.dll
Event: 0.088 Loaded shared library C:\Program Files\Java\jdk-21\bin\net.dll
Event: 0.090 Loaded shared library C:\Program Files\Java\jdk-21\bin\nio.dll
Event: 0.092 Loaded shared library C:\Program Files\Java\jdk-21\bin\zip.dll
Event: 0.108 Loaded shared library C:\Program Files\Java\jdk-21\bin\awt.dll
Event: 0.261 Loaded shared library C:\Program Files\Java\jdk-21\bin\javajpeg.dll
Event: 0.394 Loaded shared library C:\Program Files\Java\jdk-21\bin\extnet.dll
Event: 0.478 Loaded shared library C:\Program Files\Java\jdk-21\bin\sunmscapi.dll

Deoptimization events (20 events):
Event: 0.352 Thread 0x0000018b135ba100 DEOPT PACKING pc=0x0000018b1dccf04e sp=0x0000000c7cdfd360
Event: 0.352 Thread 0x0000018b135ba100 DEOPT UNPACKING pc=0x0000018b25124e42 sp=0x0000000c7cdfc800 mode 0
Event: 0.402 Thread 0x0000018b135ba100 DEOPT PACKING pc=0x0000018b1dccc015 sp=0x0000000c7cdfa300
Event: 0.402 Thread 0x0000018b135ba100 DEOPT UNPACKING pc=0x0000018b25124e42 sp=0x0000000c7cdf9750 mode 0
Event: 0.482 Thread 0x0000018b135ba100 Uncommon trap: trap_request=0xffffffde fr.pc=0x0000018b256c4300 relative=0x0000000000000ac0
Event: 0.482 Thread 0x0000018b135ba100 Uncommon trap: reason=class_check action=maybe_recompile pc=0x0000018b256c4300 method=java.util.HashMap.putVal(ILjava/lang/Object;Ljava/lang/Object;ZZ)Ljava/lang/Object; @ 203 c2
Event: 0.482 Thread 0x0000018b135ba100 DEOPT PACKING pc=0x0000018b256c4300 sp=0x0000000c7cdfcf80
Event: 0.482 Thread 0x0000018b135ba100 DEOPT UNPACKING pc=0x0000018b251246a2 sp=0x0000000c7cdfcf20 mode 2
Event: 0.482 Thread 0x0000018b135ba100 Uncommon trap: trap_request=0xffffffde fr.pc=0x0000018b256c4300 relative=0x0000000000000ac0
Event: 0.482 Thread 0x0000018b135ba100 Uncommon trap: reason=class_check action=maybe_recompile pc=0x0000018b256c4300 method=java.util.HashMap.putVal(ILjava/lang/Object;Ljava/lang/Object;ZZ)Ljava/lang/Object; @ 203 c2
Event: 0.482 Thread 0x0000018b135ba100 DEOPT PACKING pc=0x0000018b256c4300 sp=0x0000000c7cdfcf80
Event: 0.482 Thread 0x0000018b135ba100 DEOPT UNPACKING pc=0x0000018b251246a2 sp=0x0000000c7cdfcf20 mode 2
Event: 0.482 Thread 0x0000018b135ba100 Uncommon trap: trap_request=0xffffffde fr.pc=0x0000018b256c4300 relative=0x0000000000000ac0
Event: 0.482 Thread 0x0000018b135ba100 Uncommon trap: reason=class_check action=maybe_recompile pc=0x0000018b256c4300 method=java.util.HashMap.putVal(ILjava/lang/Object;Ljava/lang/Object;ZZ)Ljava/lang/Object; @ 203 c2
Event: 0.482 Thread 0x0000018b135ba100 DEOPT PACKING pc=0x0000018b256c4300 sp=0x0000000c7cdfcf80
Event: 0.482 Thread 0x0000018b135ba100 DEOPT UNPACKING pc=0x0000018b251246a2 sp=0x0000000c7cdfcf20 mode 2
Event: 0.484 Thread 0x0000018b135ba100 Uncommon trap: trap_request=0xffffffde fr.pc=0x0000018b256c4300 relative=0x0000000000000ac0
Event: 0.484 Thread 0x0000018b135ba100 Uncommon trap: reason=class_check action=maybe_recompile pc=0x0000018b256c4300 method=java.util.HashMap.putVal(ILjava/lang/Object;Ljava/lang/Object;ZZ)Ljava/lang/Object; @ 203 c2
Event: 0.484 Thread 0x0000018b135ba100 DEOPT PACKING pc=0x0000018b256c4300 sp=0x0000000c7cdfcf80
Event: 0.484 Thread 0x0000018b135ba100 DEOPT UNPACKING pc=0x0000018b251246a2 sp=0x0000000c7cdfcf20 mode 2

Classes loaded (20 events):
Event: 0.535 Loading class jdk/internal/access/JavaSecuritySignatureAccess done
Event: 0.535 Loading class java/security/Signature$1 done
Event: 0.536 Loading class java/security/interfaces/ECKey
Event: 0.536 Loading class java/security/interfaces/ECKey done
Event: 0.536 Loading class java/security/MessageDigest
Event: 0.536 Loading class java/security/MessageDigestSpi
Event: 0.536 Loading class java/security/MessageDigestSpi done
Event: 0.536 Loading class java/security/MessageDigest done
Event: 0.536 Loading class sun/security/provider/SHA
Event: 0.536 Loading class sun/security/provider/DigestBase
Event: 0.536 Loading class sun/security/provider/DigestBase done
Event: 0.536 Loading class sun/security/provider/SHA done
Event: 0.537 Loading class java/security/MessageDigest$Delegate
Event: 0.537 Loading class sun/security/util/MessageDigestSpi2
Event: 0.537 Loading class sun/security/util/MessageDigestSpi2 done
Event: 0.537 Loading class java/security/MessageDigest$Delegate done
Event: 0.537 Loading class java/security/MessageDigest$Delegate$CloneableDelegate
Event: 0.537 Loading class java/security/MessageDigest$Delegate$CloneableDelegate done
Event: 0.537 Loading class java/security/Signature$Delegate
Event: 0.537 Loading class java/security/Signature$Delegate done

Classes unloaded (0 events):
No events

Classes redefined (0 events):
No events

Internal exceptions (16 events):
Event: 0.099 Thread 0x0000018b135ba100 Exception <a 'java/lang/ClassNotFoundException'{0x000000008a3223f0}: sun/awt/resources/spi/awtProvider> (0x000000008a3223f0) 
thrown [s\open\src\hotspot\share\classfile\systemDictionary.cpp, line 312]
Event: 0.118 Thread 0x0000018b135ba100 Exception <a 'java/io/FileNotFoundException'{0x000000008a37bd48}> (0x000000008a37bd48) 
thrown [s\open\src\hotspot\share\prims\jni.cpp, line 520]
Event: 0.123 Thread 0x0000018b135ba100 Exception <a 'java/io/FileNotFoundException'{0x000000008a3a5f28}> (0x000000008a3a5f28) 
thrown [s\open\src\hotspot\share\prims\jni.cpp, line 520]
Event: 0.187 Thread 0x0000018b135ba100 Exception <a 'java/lang/NoSuchMethodError'{0x000000008a23a320}: 'void java.lang.invoke.DirectMethodHandle$Holder.invokeSpecial(java.lang.Object, java.lang.Object, java.lang.Object)'> (0x000000008a23a320) 
thrown [s\open\src\hotspot\share\interpreter\linkResolver.cpp, line 773]
Event: 0.192 Thread 0x0000018b135ba100 Exception <a 'java/lang/NoSuchMethodError'{0x000000008a25fc80}: 'java.lang.Object java.lang.invoke.DirectMethodHandle$Holder.newInvokeSpecial(java.lang.Object, java.lang.Object, java.lang.Object, java.lang.Object, java.lang.Object)'> (0x000000008a25fc80) 
thrown [s\open\src\hotspot\share\interpreter\linkResolver.cpp, line 773]
Event: 0.196 Thread 0x0000018b135ba100 Exception <a 'java/lang/NoSuchMethodError'{0x000000008a115a90}: 'java.lang.Object java.lang.invoke.DirectMethodHandle$Holder.invokeStatic(java.lang.Object, int, java.lang.Object)'> (0x000000008a115a90) 
thrown [s\open\src\hotspot\share\interpreter\linkResolver.cpp, line 773]
Event: 0.211 Thread 0x0000018b135ba100 Exception <a 'java/lang/ClassNotFoundException'{0x000000008a1b52b0}: com/sun/swing/internal/plaf/metal/resources/spi/metalProvider> (0x000000008a1b52b0) 
thrown [s\open\src\hotspot\share\classfile\systemDictionary.cpp, line 312]
Event: 0.211 Thread 0x0000018b135ba100 Exception <a 'java/lang/ClassNotFoundException'{0x000000008a1b9240}: com/sun/swing/internal/plaf/basic/resources/spi/basicProvider> (0x000000008a1b9240) 
thrown [s\open\src\hotspot\share\classfile\systemDictionary.cpp, line 312]
Event: 0.219 Thread 0x0000018b135ba100 Exception <a 'java/lang/NoSuchMethodError'{0x000000008a1d83c0}: 'int java.lang.invoke.Invokers$Holder.invokeExact_MT(java.lang.Object, java.lang.Object)'> (0x000000008a1d83c0) 
thrown [s\open\src\hotspot\share\interpreter\linkResolver.cpp, line 773]
Event: 0.262 Thread 0x0000018b325271b0 Exception <a 'java/lang/NoSuchMethodError'{0x0000000089fa30e8}: 'java.lang.Object java.lang.invoke.DirectMethodHandle$Holder.newInvokeSpecial(java.lang.Object, java.lang.Object, java.lang.Object, int, int, int, int, int)'> (0x0000000089fa30e8) 
thrown [s\open\src\hotspot\share\interpreter\linkResolver.cpp, line 773]
Event: 0.287 Thread 0x0000018b135ba100 Exception <a 'java/lang/NoSuchMethodError'{0x0000000089c8eed0}: 'void java.lang.invoke.DirectMethodHandle$Holder.invokeStatic(java.lang.Object, java.lang.Object)'> (0x0000000089c8eed0) 
thrown [s\open\src\hotspot\share\interpreter\linkResolver.cpp, line 773]
Event: 0.310 Thread 0x0000018b135ba100 Exception <a 'java/lang/NoSuchMethodError'{0x0000000089b621f0}: 'java.lang.Object java.lang.invoke.DirectMethodHandle$Holder.invokeInterface(java.lang.Object, java.lang.Object)'> (0x0000000089b621f0) 
thrown [s\open\src\hotspot\share\interpreter\linkResolver.cpp, line 773]
Event: 0.326 Thread 0x0000018b135ba100 Exception <a 'java/lang/NoSuchMethodError'{0x0000000089bd92b8}: 'void java.lang.invoke.DirectMethodHandle$Holder.invokeStatic(java.lang.Object, java.lang.Object, java.lang.Object)'> (0x0000000089bd92b8) 
thrown [s\open\src\hotspot\share\interpreter\linkResolver.cpp, line 773]
Event: 0.327 Thread 0x0000018b135ba100 Exception <a 'java/lang/NoSuchMethodError'{0x0000000089be2380}: 'java.lang.Object java.lang.invoke.DirectMethodHandle$Holder.invokeVirtual(java.lang.Object, java.lang.Object, java.lang.Object)'> (0x0000000089be2380) 
thrown [s\open\src\hotspot\share\interpreter\linkResolver.cpp, line 773]
Event: 0.444 Thread 0x0000018b135ba100 Exception <a 'java/lang/NoSuchMethodError'{0x00000000896c6310}: 'void java.lang.invoke.DirectMethodHandle$Holder.invokeStaticInit(java.lang.Object, java.lang.Object)'> (0x00000000896c6310) 
thrown [s\open\src\hotspot\share\interpreter\linkResolver.cpp, line 773]
Event: 0.507 Thread 0x0000018b135ba100 Exception <a 'sun/nio/fs/WindowsException'{0x000000008941ebd0}> (0x000000008941ebd0) 
thrown [s\open\src\hotspot\share\prims\jni.cpp, line 520]

ZGC Phase Switch (0 events):
No events

VM Operations (10 events):
Event: 0.063 Executing VM operation: HandshakeAllThreads (Deoptimize)
Event: 0.063 Executing VM operation: HandshakeAllThreads (Deoptimize) done
Event: 0.210 Executing VM operation: HandshakeAllThreads (Deoptimize)
Event: 0.210 Executing VM operation: HandshakeAllThreads (Deoptimize) done
Event: 0.252 Executing VM operation: HandshakeAllThreads (Deoptimize)
Event: 0.252 Executing VM operation: HandshakeAllThreads (Deoptimize) done
Event: 0.282 Executing VM operation: HandshakeAllThreads (Deoptimize)
Event: 0.282 Executing VM operation: HandshakeAllThreads (Deoptimize) done
Event: 0.291 Executing VM operation: HandshakeAllThreads (Deoptimize)
Event: 0.291 Executing VM operation: HandshakeAllThreads (Deoptimize) done

Events (18 events):
Event: 0.027 Thread 0x0000018b135ba100 Thread added: 0x0000018b135ba100
Event: 0.038 Thread 0x0000018b3203ac60 Thread added: 0x0000018b3203ac60
Event: 0.038 Thread 0x0000018b3203b6c0 Thread added: 0x0000018b3203b6c0
Event: 0.038 Thread 0x0000018b3203d540 Thread added: 0x0000018b3203d540
Event: 0.038 Thread 0x0000018b3203f880 Thread added: 0x0000018b3203f880
Event: 0.038 Thread 0x0000018b32043080 Thread added: 0x0000018b32043080
Event: 0.038 Thread 0x0000018b32043ef0 Thread added: 0x0000018b32043ef0
Event: 0.038 Thread 0x0000018b3204d0e0 Thread added: 0x0000018b3204d0e0
Event: 0.038 Thread 0x0000018b3204e2a0 Thread added: 0x0000018b3204e2a0
Event: 0.051 Thread 0x0000018b3228f760 Thread added: 0x0000018b3228f760
Event: 0.053 Thread 0x0000018b3229ac40 Thread added: 0x0000018b3229ac40
Event: 0.160 Thread 0x0000018b324b70b0 Thread added: 0x0000018b324b70b0
Event: 0.161 Thread 0x0000018b324b7f30 Thread added: 0x0000018b324b7f30
Event: 0.163 Thread 0x0000018b324c84f0 Thread added: 0x0000018b324c84f0
Event: 0.224 Thread 0x0000018b325271b0 Thread added: 0x0000018b325271b0
Event: 0.288 Thread 0x0000018b7881bcf0 Thread added: 0x0000018b7881bcf0
Event: 0.316 Thread 0x0000018b3204e970 Thread added: 0x0000018b3204e970
Event: 0.319 Thread 0x0000018b320504b0 Thread added: 0x0000018b320504b0


Dynamic libraries:
0x00007ff607090000 - 0x00007ff6070a0000 	C:\Program Files\Java\jdk-21\bin\java.exe
0x00007ffb42210000 - 0x00007ffb42426000 	C:\WINDOWS\SYSTEM32\ntdll.dll
0x00007ffb415e0000 - 0x00007ffb416a4000 	C:\WINDOWS\System32\KERNEL32.DLL
0x00007ffb3f740000 - 0x00007ffb3fae6000 	C:\WINDOWS\System32\KERNELBASE.dll
0x00007ffb3f620000 - 0x00007ffb3f731000 	C:\WINDOWS\System32\ucrtbase.dll
0x00007ffb29ea0000 - 0x00007ffb29eb9000 	C:\Program Files\Java\jdk-21\bin\jli.dll
0x00007ffb209d0000 - 0x00007ffb209eb000 	C:\Program Files\Java\jdk-21\bin\VCRUNTIME140.dll
0x00007ffb41ba0000 - 0x00007ffb41c52000 	C:\WINDOWS\System32\ADVAPI32.dll
0x00007ffb416b0000 - 0x00007ffb41757000 	C:\WINDOWS\System32\msvcrt.dll
0x00007ffb40c50000 - 0x00007ffb40cf8000 	C:\WINDOWS\System32\sechost.dll
0x00007ffb3f5f0000 - 0x00007ffb3f618000 	C:\WINDOWS\System32\bcrypt.dll
0x00007ffb417c0000 - 0x00007ffb418d5000 	C:\WINDOWS\System32\RPCRT4.dll
0x00007ffb41d10000 - 0x00007ffb41ebd000 	C:\WINDOWS\System32\USER32.dll
0x00007ffb3fdf0000 - 0x00007ffb3fe16000 	C:\WINDOWS\System32\win32u.dll
0x00007ffb24ca0000 - 0x00007ffb24f33000 	C:\WINDOWS\WinSxS\amd64_microsoft.windows.common-controls_6595b64144ccf1df_6.0.22621.3235_none_270f74e173860f98\COMCTL32.dll
0x00007ffb421a0000 - 0x00007ffb421c9000 	C:\WINDOWS\System32\GDI32.dll
0x00007ffb3fb60000 - 0x00007ffb3fc78000 	C:\WINDOWS\System32\gdi32full.dll
0x00007ffb3f550000 - 0x00007ffb3f5ea000 	C:\WINDOWS\System32\msvcp_win.dll
0x00007ffb38640000 - 0x00007ffb3864a000 	C:\WINDOWS\SYSTEM32\VERSION.dll
0x00007ffb3ffe0000 - 0x00007ffb40011000 	C:\WINDOWS\System32\IMM32.DLL
0x00007ffb3c480000 - 0x00007ffb3c48c000 	C:\Program Files\Java\jdk-21\bin\vcruntime140_1.dll
0x00007ffb0cb50000 - 0x00007ffb0cbde000 	C:\Program Files\Java\jdk-21\bin\msvcp140.dll
0x00007ffab8390000 - 0x00007ffab90a5000 	C:\Program Files\Java\jdk-21\bin\server\jvm.dll
0x00007ffb41540000 - 0x00007ffb415b1000 	C:\WINDOWS\System32\WS2_32.dll
0x00007ffb3edb0000 - 0x00007ffb3edfd000 	C:\WINDOWS\SYSTEM32\POWRPROF.dll
0x00007ffb37c50000 - 0x00007ffb37c84000 	C:\WINDOWS\SYSTEM32\WINMM.dll
0x00007ffb3ed90000 - 0x00007ffb3eda3000 	C:\WINDOWS\SYSTEM32\UMPDC.dll
0x00007ffb3e590000 - 0x00007ffb3e5a8000 	C:\WINDOWS\SYSTEM32\kernel.appcore.dll
0x00007ffb2b1a0000 - 0x00007ffb2b1aa000 	C:\Program Files\Java\jdk-21\bin\jimage.dll
0x00007ffb3cee0000 - 0x00007ffb3d113000 	C:\WINDOWS\SYSTEM32\DBGHELP.DLL
0x00007ffb40d00000 - 0x00007ffb41088000 	C:\WINDOWS\System32\combase.dll
0x00007ffb41ec0000 - 0x00007ffb41f97000 	C:\WINDOWS\System32\OLEAUT32.dll
0x00007ffb22d50000 - 0x00007ffb22d82000 	C:\WINDOWS\SYSTEM32\dbgcore.DLL
0x00007ffb3fee0000 - 0x00007ffb3ff5a000 	C:\WINDOWS\System32\bcryptPrimitives.dll
0x00007ffb19e10000 - 0x00007ffb19e2f000 	C:\Program Files\Java\jdk-21\bin\java.dll
0x00007ffb40020000 - 0x00007ffb4087d000 	C:\WINDOWS\System32\SHELL32.dll
0x00007ffb3d4b0000 - 0x00007ffb3dda8000 	C:\WINDOWS\SYSTEM32\windows.storage.dll
0x00007ffb3d370000 - 0x00007ffb3d4ae000 	C:\WINDOWS\SYSTEM32\wintypes.dll
0x00007ffb40ac0000 - 0x00007ffb40bb3000 	C:\WINDOWS\System32\SHCORE.dll
0x00007ffb418e0000 - 0x00007ffb4193e000 	C:\WINDOWS\System32\shlwapi.dll
0x00007ffb3f480000 - 0x00007ffb3f4a6000 	C:\WINDOWS\SYSTEM32\profapi.dll
0x00007ffb0ca70000 - 0x00007ffb0cb47000 	C:\Program Files\Java\jdk-21\bin\jsvml.dll
0x00007ffb1e2e0000 - 0x00007ffb1e2f0000 	C:\Program Files\Java\jdk-21\bin\net.dll
0x00007ffb38150000 - 0x00007ffb38287000 	C:\WINDOWS\SYSTEM32\WINHTTP.dll
0x00007ffb3ea10000 - 0x00007ffb3ea79000 	C:\WINDOWS\system32\mswsock.dll
0x00007ffb07400000 - 0x00007ffb07416000 	C:\Program Files\Java\jdk-21\bin\nio.dll
0x00007ffb073e0000 - 0x00007ffb073f8000 	C:\Program Files\Java\jdk-21\bin\zip.dll
0x00007ffaed2c0000 - 0x00007ffaed44f000 	C:\Program Files\Java\jdk-21\bin\awt.dll
0x00007ffb3c5a0000 - 0x00007ffb3c637000 	C:\WINDOWS\SYSTEM32\apphelp.dll
0x00007ffb3ca30000 - 0x00007ffb3ca5b000 	C:\WINDOWS\system32\DWMAPI.DLL
0x00007ffb3c6f0000 - 0x00007ffb3c79b000 	C:\WINDOWS\system32\uxtheme.dll
0x00007ffb16b50000 - 0x00007ffb16c50000 	C:\WINDOWS\system32\opengl32.dll
0x00007ffb20030000 - 0x00007ffb2005d000 	C:\WINDOWS\SYSTEM32\GLU32.dll
0x00007ffb3c7f0000 - 0x00007ffb3c829000 	C:\WINDOWS\SYSTEM32\dxcore.dll
0x00007ffb41a40000 - 0x00007ffb41b94000 	C:\WINDOWS\System32\MSCTF.dll
0x00007ffb42000000 - 0x00007ffb4219f000 	C:\WINDOWS\System32\ole32.dll
0x00007ffb07430000 - 0x00007ffb0745e000 	C:\Program Files\Java\jdk-21\bin\javajpeg.dll
0x00007ffb3e040000 - 0x00007ffb3e139000 	C:\WINDOWS\SYSTEM32\DNSAPI.dll
0x00007ffb3e010000 - 0x00007ffb3e03d000 	C:\WINDOWS\SYSTEM32\IPHLPAPI.DLL
0x00007ffb41090000 - 0x00007ffb41099000 	C:\WINDOWS\System32\NSI.dll
0x00007ffb36720000 - 0x00007ffb3672a000 	C:\Windows\System32\rasadhlp.dll
0x00007ffb371f0000 - 0x00007ffb37273000 	C:\WINDOWS\System32\fwpuclnt.dll
0x00007ffb1a4b0000 - 0x00007ffb1a4b7000 	C:\Program Files\Java\jdk-21\bin\extnet.dll
0x00007ffb18ca0000 - 0x00007ffb18cae000 	C:\Program Files\Java\jdk-21\bin\sunmscapi.dll
0x00007ffb3fc80000 - 0x00007ffb3fde6000 	C:\WINDOWS\System32\CRYPT32.dll
0x00007ffb3eef0000 - 0x00007ffb3ef1e000 	C:\WINDOWS\SYSTEM32\ncrypt.dll
0x00007ffb3eeb0000 - 0x00007ffb3eee7000 	C:\WINDOWS\SYSTEM32\NTASN1.dll
0x00007ffb3ecd0000 - 0x00007ffb3eceb000 	C:\WINDOWS\SYSTEM32\CRYPTSP.dll
0x00007ffb3e4f0000 - 0x00007ffb3e525000 	C:\WINDOWS\system32\rsaenh.dll
0x00007ffb3eb70000 - 0x00007ffb3eb9c000 	C:\WINDOWS\SYSTEM32\USERENV.dll

dbghelp: loaded successfully - version: 4.0.5 - missing functions: none
symbol engine: initialized successfully - sym options: 0x614 - pdb path: .;C:\Program Files\Java\jdk-21\bin;C:\WINDOWS\SYSTEM32;C:\WINDOWS\WinSxS\amd64_microsoft.windows.common-controls_6595b64144ccf1df_6.0.22621.3235_none_270f74e173860f98;C:\Program Files\Java\jdk-21\bin\server

VM Arguments:
jvm_args: --enable-preview -XX:+ShowCodeDetailsInExceptionMessages 
java_command: university.management.system.StudentFeeForm
java_class_path (initial): C:\Users\laksh\AppData\Roaming\Code\User\workspaceStorage\b6a1addba1a2aebe244bd6cc5c211955\redhat.java\jdt_ws\project_9a98c5be\bin;c:\Users\laksh\Downloads\Jar-20240228T140625Z-001\Jar\jcalendar-tz-1.3.3-4.jar;c:\Users\laksh\Downloads\Jar-20240228T140625Z-001\Jar\mysql-connector-java-8.0.28.jar;c:\Users\laksh\Downloads\rs2xml.jar
Launcher Type: SUN_STANDARD

[Global flags]
     intx CICompilerCount                          = 4                                         {product} {ergonomic}
     uint ConcGCThreads                            = 2                                         {product} {ergonomic}
     uint G1ConcRefinementThreads                  = 8                                         {product} {ergonomic}
   size_t G1HeapRegionSize                         = 1048576                                   {product} {ergonomic}
    uintx GCDrainStackTargetSize                   = 64                                        {product} {ergonomic}
   size_t InitialHeapSize                          = 132120576                                 {product} {ergonomic}
   size_t MarkStackSize                            = 4194304                                   {product} {ergonomic}
   size_t MaxHeapSize                              = 2105540608                                {product} {ergonomic}
   size_t MaxNewSize                               = 1262485504                                {product} {ergonomic}
   size_t MinHeapDeltaBytes                        = 1048576                                   {product} {ergonomic}
   size_t MinHeapSize                              = 8388608                                   {product} {ergonomic}
    uintx NonNMethodCodeHeapSize                   = 5839372                                {pd product} {ergonomic}
    uintx NonProfiledCodeHeapSize                  = 122909434                              {pd product} {ergonomic}
    uintx ProfiledCodeHeapSize                     = 122909434                              {pd product} {ergonomic}
    uintx ReservedCodeCacheSize                    = 251658240                              {pd product} {ergonomic}
     bool SegmentedCodeCache                       = true                                      {product} {ergonomic}
     bool ShowCodeDetailsInExceptionMessages       = true                                   {manageable} {command line}
   size_t SoftMaxHeapSize                          = 2105540608                             {manageable} {ergonomic}
     bool UseCompressedOops                        = true                           {product lp64_product} {ergonomic}
     bool UseG1GC                                  = true                                      {product} {ergonomic}
     bool UseLargePagesIndividualAllocation        = false                                  {pd product} {ergonomic}

Logging:
Log output configuration:
 #0: stdout all=warning uptime,level,tags foldmultilines=false
 #1: stderr all=off uptime,level,tags foldmultilines=false

Environment Variables:
PATH=C:\Program Files\Common Files\Oracle\Java\javapath;C:\Windows\system32;C:\Windows;C:\Windows\System32\Wbem;C:\Windows\System32\WindowsPowerShell\v1.0\;C:\Windows\System32\OpenSSH\;C:\Program Files (x86)\NVIDIA Corporation\PhysX\Common;C:\Program Files\NVIDIA Corporation\NVIDIA NvDLISR;C:\MinGW\bin;C:\MinGW\bin\g++_exe;C:\Program Files\dotnet\;C:\WINDOWS\system32;C:\WINDOWS;C:\WINDOWS\System32\Wbem;C:\WINDOWS\System32\WindowsPowerShell\v1.0\;C:\WINDOWS\System32\OpenSSH\;C:\Program Files\MATLAB\R2023a\bin;C:\Program Files\Git\cmd;C:\Program Files\MySQL\MySQL Shell 8.0\bin\;C:\Users\laksh\AppData\Local\Microsoft\WindowsApps;C:\Users\laksh\AppData\Local\Programs\Microsoft VS Code\bin
USERNAME=laksh
LANG=en_US.UTF-8
OS=Windows_NT
PROCESSOR_IDENTIFIER=Intel64 Family 6 Model 165 Stepping 2, GenuineIntel
TMP=C:\Users\laksh\AppData\Local\Temp
TEMP=C:\Users\laksh\AppData\Local\Temp




Periodic native trim disabled

---------------  S Y S T E M  ---------------

OS:
 Windows 11 , 64 bit Build 22621 (10.0.22621.3235)
OS uptime: 2 days 6:46 hours

CPU: total 8 (initial active 8) (4 cores per cpu, 2 threads per core) family 6 model 165 stepping 2 microcode 0xe0, cx8, cmov, fxsr, ht, mmx, 3dnowpref, sse, sse2, sse3, ssse3, sse4.1, sse4.2, popcnt, lzcnt, tsc, tscinvbit, avx, avx2, aes, erms, clmul, bmi1, bmi2, adx, fma, vzeroupper, clflush, clflushopt, rdtscp, f16c, pku
Processor Information for all 8 processors :
  Max Mhz: 2400, Current Mhz: 2400, Mhz Limit: 2400

Memory: 4k page, system-wide physical 8029M (692M free)
TotalPageFile size 32605M (AvailPageFile size 3M)
current process WorkingSet (physical memory assigned to process): 82M, peak: 82M
current process commit charge ("private bytes"): 227M, peak: 227M

vm_info: Java HotSpot(TM) 64-Bit Server VM (21.0.1+12-LTS-29) for windows-amd64 JRE (21.0.1+12-LTS-29), built on 2023-10-05T13:27:09Z by "mach5one" with MS VC++ 17.1 (VS2022)

END.
